# JRE version: Java(TM) SE Runtime Environment (8.0_151-b12) (build 1.8.0_151-b12)
# Java VM: Java HotSpot(TM) 64-Bit Server VM (25.151-b12 mixed mode windows-amd64 compressed oops)
Heap:
 PSYoungGen      total 193024K, used 33410K [0x00000000d5d80000, 0x00000000e2780000, 0x0000000100000000)
  eden space 183808K, 18% used [0x00000000d5d80000,0x00000000d7dd0910,0x00000000e1100000)
  from space 9216K, 3% used [0x00000000e1b80000,0x00000000e1bd0000,0x00000000e2480000)
  to   space 10752K, 0% used [0x00000000e1100000,0x00000000e1100000,0x00000000e1b80000)
 ParOldGen       total 91136K, used 34476K [0x0000000081800000, 0x0000000087100000, 0x00000000d5d80000)
  object space 91136K, 37% used [0x0000000081800000,0x00000000839ab2b8,0x0000000087100000)
 Metaspace       used 17646K, capacity 17872K, committed 18176K, reserved 1064960K
  class space    used 2171K, capacity 2266K, committed 2304K, reserved 1048576K
GC Heap History (10 events):
Event: 66.362 GC heap before
{Heap before GC invocations=118 (full 6):
 PSYoungGen      total 194560K, used 184160K [0x00000000d5d80000, 0x00000000e2780000, 0x0000000100000000)
  eden space 183808K, 100% used [0x00000000d5d80000,0x00000000e1100000,0x00000000e1100000)
  from space 10752K, 3% used [0x00000000e1100000,0x00000000e1158000,0x00000000e1b80000)
  to   space 9216K, 0% used [0x00000000e1b80000,0x00000000e1b80000,0x00000000e2480000)
 ParOldGen       total 91136K, used 23172K [0x0000000081800000, 0x0000000087100000, 0x00000000d5d80000)
  object space 91136K, 25% used [0x0000000081800000,0x0000000082ea12a8,0x0000000087100000)
 Metaspace       used 17646K, capacity 17872K, committed 18176K, reserved 1064960K
  class space    used 2171K, capacity 2266K, committed 2304K, reserved 1048576K
Event: 66.365 GC heap after
Heap after GC invocations=118 (full 6):
 PSYoungGen      total 193024K, used 9193K [0x00000000d5d80000, 0x00000000e2780000, 0x0000000100000000)
  eden space 183808K, 0% used [0x00000000d5d80000,0x00000000d5d80000,0x00000000e1100000)
  from space 9216K, 99% used [0x00000000e1b80000,0x00000000e247a640,0x00000000e2480000)
  to   space 10752K, 0% used [0x00000000e1100000,0x00000000e1100000,0x00000000e1b80000)
 ParOldGen       total 91136K, used 23444K [0x0000000081800000, 0x0000000087100000, 0x00000000d5d80000)
  object space 91136K, 25% used [0x0000000081800000,0x0000000082ee52a8,0x0000000087100000)
 Metaspace       used 17646K, capacity 17872K, committed 18176K, reserved 1064960K
  class space    used 2171K, capacity 2266K, committed 2304K, reserved 1048576K
}
Event: 66.568 GC heap before
{Heap before GC invocations=119 (full 6):
 PSYoungGen      total 193024K, used 193001K [0x00000000d5d80000, 0x00000000e2780000, 0x0000000100000000)
  eden space 183808K, 100% used [0x00000000d5d80000,0x00000000e1100000,0x00000000e1100000)
  from space 9216K, 99% used [0x00000000e1b80000,0x00000000e247a640,0x00000000e2480000)
  to   space 10752K, 0% used [0x00000000e1100000,0x00000000e1100000,0x00000000e1b80000)
 ParOldGen       total 91136K, used 23444K [0x0000000081800000, 0x0000000087100000, 0x00000000d5d80000)
  object space 91136K, 25% used [0x0000000081800000,0x0000000082ee52a8,0x0000000087100000)
 Metaspace       used 17646K, capacity 17872K, committed 18176K, reserved 1064960K
  class space    used 2171K, capacity 2266K, committed 2304K, reserved 1048576K
Event: 66.569 GC heap after
Heap after GC invocations=119 (full 6):
 PSYoungGen      total 194560K, used 3340K [0x00000000d5d80000, 0x00000000e2780000, 0x0000000100000000)
  eden space 183808K, 0% used [0x00000000d5d80000,0x00000000d5d80000,0x00000000e1100000)
  from space 10752K, 31% used [0x00000000e1100000,0x00000000e1443250,0x00000000e1b80000)
  to   space 9216K, 0% used [0x00000000e1b80000,0x00000000e1b80000,0x00000000e2480000)
 ParOldGen       total 91136K, used 23695K [0x0000000081800000, 0x0000000087100000, 0x00000000d5d80000)
  object space 91136K, 26% used [0x0000000081800000,0x0000000082f23e18,0x0000000087100000)
 Metaspace       used 17646K, capacity 17872K, committed 18176K, reserved 1064960K
  class space    used 2171K, capacity 2266K, committed 2304K, reserved 1048576K
}
Event: 66.715 GC heap before
{Heap before GC invocations=120 (full 6):
 PSYoungGen      total 194560K, used 187148K [0x00000000d5d80000, 0x00000000e2780000, 0x0000000100000000)
  eden space 183808K, 100% used [0x00000000d5d80000,0x00000000e1100000,0x00000000e1100000)
  from space 10752K, 31% used [0x00000000e1100000,0x00000000e1443250,0x00000000e1b80000)
  to   space 9216K, 0% used [0x00000000e1b80000,0x00000000e1b80000,0x00000000e2480000)
 ParOldGen       total 91136K, used 23695K [0x0000000081800000, 0x0000000087100000, 0x00000000d5d80000)
  object space 91136K, 26% used [0x0000000081800000,0x0000000082f23e18,0x0000000087100000)
 Metaspace       used 17646K, capacity 17872K, committed 18176K, reserved 1064960K
  class space    used 2171K, capacity 2266K, committed 2304K, reserved 1048576K
Event: 66.718 GC heap after
Heap after GC invocations=120 (full 6):
 PSYoungGen      total 193024K, used 7752K [0x00000000d5d80000, 0x00000000e2780000, 0x0000000100000000)
  eden space 183808K, 0% used [0x00000000d5d80000,0x00000000d5d80000,0x00000000e1100000)
  from space 9216K, 84% used [0x00000000e1b80000,0x00000000e23122e8,0x00000000e2480000)
  to   space 10752K, 0% used [0x00000000e1100000,0x00000000e1100000,0x00000000e1b80000)
 ParOldGen       total 91136K, used 25056K [0x0000000081800000, 0x0000000087100000, 0x00000000d5d80000)
  object space 91136K, 27% used [0x0000000081800000,0x0000000083078148,0x0000000087100000)
 Metaspace       used 17646K, capacity 17872K, committed 18176K, reserved 1064960K
  class space    used 2171K, capacity 2266K, committed 2304K, reserved 1048576K
}
Event: 66.884 GC heap before
{Heap before GC invocations=121 (full 6):
 PSYoungGen      total 193024K, used 191560K [0x00000000d5d80000, 0x00000000e2780000, 0x0000000100000000)
  eden space 183808K, 100% used [0x00000000d5d80000,0x00000000e1100000,0x00000000e1100000)
  from space 9216K, 84% used [0x00000000e1b80000,0x00000000e23122e8,0x00000000e2480000)
  to   space 10752K, 0% used [0x00000000e1100000,0x00000000e1100000,0x00000000e1b80000)
 ParOldGen       total 91136K, used 25056K [0x0000000081800000, 0x0000000087100000, 0x00000000d5d80000)
  object space 91136K, 27% used [0x0000000081800000,0x0000000083078148,0x0000000087100000)
 Metaspace       used 17646K, capacity 17872K, committed 18176K, reserved 1064960K
  class space    used 2171K, capacity 2266K, committed 2304K, reserved 1048576K
Event: 66.886 GC heap after
Heap after GC invocations=121 (full 6):
 PSYoungGen      total 194560K, used 9225K [0x00000000d5d80000, 0x00000000e2780000, 0x0000000100000000)
  eden space 183808K, 0% used [0x00000000d5d80000,0x00000000d5d80000,0x00000000e1100000)
  from space 10752K, 85% used [0x00000000e1100000,0x00000000e1a02600,0x00000000e1b80000)
  to   space 9216K, 0% used [0x00000000e1b80000,0x00000000e1b80000,0x00000000e2480000)
 ParOldGen       total 91136K, used 25336K [0x0000000081800000, 0x0000000087100000, 0x00000000d5d80000)
  object space 91136K, 27% used [0x0000000081800000,0x00000000830be148,0x0000000087100000)
 Metaspace       used 17646K, capacity 17872K, committed 18176K, reserved 1064960K
  class space    used 2171K, capacity 2266K, committed 2304K, reserved 1048576K
}
Event: 67.006 GC heap before
{Heap before GC invocations=122 (full 6):
 PSYoungGen      total 194560K, used 193033K [0x00000000d5d80000, 0x00000000e2780000, 0x0000000100000000)
  eden space 183808K, 100% used [0x00000000d5d80000,0x00000000e1100000,0x00000000e1100000)
  from space 10752K, 85% used [0x00000000e1100000,0x00000000e1a02600,0x00000000e1b80000)
  to   space 9216K, 0% used [0x00000000e1b80000,0x00000000e1b80000,0x00000000e2480000)
 ParOldGen       total 91136K, used 25336K [0x0000000081800000, 0x0000000087100000, 0x00000000d5d80000)
  object space 91136K, 27% used [0x0000000081800000,0x00000000830be148,0x0000000087100000)
 Metaspace       used 17646K, capacity 17872K, committed 18176K, reserved 1064960K
  class space    used 2171K, capacity 2266K, committed 2304K, reserved 1048576K
Event: 67.009 GC heap after
Heap after GC invocations=122 (full 6):
 PSYoungGen      total 193024K, used 320K [0x00000000d5d80000, 0x00000000e2780000, 0x0000000100000000)
  eden space 183808K, 0% used [0x00000000d5d80000,0x00000000d5d80000,0x00000000e1100000)
  from space 9216K, 3% used [0x00000000e1b80000,0x00000000e1bd0000,0x00000000e2480000)
  to   space 10752K, 0% used [0x00000000e1100000,0x00000000e1100000,0x00000000e1b80000)
 ParOldGen       total 91136K, used 34476K [0x0000000081800000, 0x0000000087100000, 0x00000000d5d80000)
  object space 91136K, 37% used [0x0000000081800000,0x00000000839ab2b8,0x0000000087100000)
 Metaspace       used 17646K, capacity 17872K, committed 18176K, reserved 1064960K
  class space    used 2171K, capacity 2266K, committed 2304K, reserved 1048576K
}

